app/build/intermediates/manifest_merge_blame_file/debug/processDebugMainManifest/manifest-merger-blame-debug-report.txt
1<?xml version="1.0" encoding="utf-8"?>
2<manifest xmlns:android="http://schemas.android.com/apk/res/android"
3    package="com.example.cameraxvideorecorder"
4    android:versionCode="1"
5    android:versionName="1.0" >
6
7    <uses-sdk
8        android:minSdkVersion="24"
9        android:targetSdkVersion="33" />
10
11    <uses-feature
11-->src\main\AndroidManifest.xml:5:5-7:36
12        android:name="android.hardware.camera"
12-->src\main\AndroidManifest.xml:6:9-47
13        android:required="false" />
13-->src\main\AndroidManifest.xml:7:9-33
14
15    <uses-permission android:name="android.permission.RECORD_AUDIO" />
15-->src\main\AndroidManifest.xml:9:5-71
15-->src\main\AndroidManifest.xml:9:22-68
16    <uses-permission android:name="android.permission.CAMERA" />
16-->src\main\AndroidManifest.xml:10:5-64
16-->src\main\AndroidManifest.xml:10:22-62
17    <uses-permission
17-->src\main\AndroidManifest.xml:11:5-12:38
18        android:name="android.permission.WRITE_EXTERNAL_STORAGE"
18-->src\main\AndroidManifest.xml:11:22-78
19        android:maxSdkVersion="28" />
19-->src\main\AndroidManifest.xml:12:9-35
20    <uses-permission android:name="android.permission.READ_EXTERNAL_STORAGE" />
20-->src\main\AndroidManifest.xml:14:5-80
20-->src\main\AndroidManifest.xml:14:22-77
21
22    <queries>
22-->[androidx.camera:camera-extensions:1.3.0-alpha06] AndroidManifest.xml:22:5-26:15
23        <intent>
23-->[androidx.camera:camera-extensions:1.3.0-alpha06] AndroidManifest.xml:23:9-25:18
24            <action android:name="androidx.camera.extensions.action.VENDOR_ACTION" />
24-->[androidx.camera:camera-extensions:1.3.0-alpha06] AndroidManifest.xml:24:13-86
24-->[androidx.camera:camera-extensions:1.3.0-alpha06] AndroidManifest.xml:24:21-83
25        </intent>
26    </queries>
27
28    <permission
28-->[androidx.core:core:1.9.0] AndroidManifest.xml:22:5-24:47
29        android:name="com.example.cameraxvideorecorder.DYNAMIC_RECEIVER_NOT_EXPORTED_PERMISSION"
29-->[androidx.core:core:1.9.0] AndroidManifest.xml:23:9-81
30        android:protectionLevel="signature" />
30-->[androidx.core:core:1.9.0] AndroidManifest.xml:24:9-44
31
32    <uses-permission android:name="com.example.cameraxvideorecorder.DYNAMIC_RECEIVER_NOT_EXPORTED_PERMISSION" />
32-->[androidx.core:core:1.9.0] AndroidManifest.xml:26:5-97
32-->[androidx.core:core:1.9.0] AndroidManifest.xml:26:22-94
33
34    <application
34-->src\main\AndroidManifest.xml:15:5-34:19
35        android:allowBackup="true"
35-->src\main\AndroidManifest.xml:16:9-35
36        android:appComponentFactory="androidx.core.app.CoreComponentFactory"
36-->[androidx.core:core:1.9.0] AndroidManifest.xml:28:18-86
37        android:dataExtractionRules="@xml/data_extraction_rules"
37-->src\main\AndroidManifest.xml:17:9-65
38        android:debuggable="true"
39        android:extractNativeLibs="false"
40        android:fullBackupContent="@xml/backup_rules"
40-->src\main\AndroidManifest.xml:18:9-54
41        android:icon="@mipmap/ic_launcher"
41-->src\main\AndroidManifest.xml:19:9-43
42        android:label="@string/app_name"
42-->src\main\AndroidManifest.xml:20:9-41
43        android:roundIcon="@mipmap/ic_launcher_round"
43-->src\main\AndroidManifest.xml:21:9-54
44        android:supportsRtl="true"
44-->src\main\AndroidManifest.xml:22:9-35
45        android:testOnly="true"
46        android:theme="@style/Theme.CameraXVideoRecorder" >
46-->src\main\AndroidManifest.xml:23:9-58
47        <activity
47-->src\main\AndroidManifest.xml:25:9-33:20
48            android:name="com.example.cameraxvideorecorder.MainActivity"
48-->src\main\AndroidManifest.xml:26:13-41
49            android:exported="true" >
49-->src\main\AndroidManifest.xml:27:13-36
50            <intent-filter>
50-->src\main\AndroidManifest.xml:28:13-32:29
51                <action android:name="android.intent.action.MAIN" />
51-->src\main\AndroidManifest.xml:29:17-69
51-->src\main\AndroidManifest.xml:29:25-66
52
53                <category android:name="android.intent.category.LAUNCHER" />
53-->src\main\AndroidManifest.xml:31:17-77
53-->src\main\AndroidManifest.xml:31:27-74
54            </intent-filter>
55        </activity>
56
57        <uses-library
57-->[androidx.camera:camera-extensions:1.3.0-alpha06] AndroidManifest.xml:29:9-31:40
58            android:name="androidx.camera.extensions.impl"
58-->[androidx.camera:camera-extensions:1.3.0-alpha06] AndroidManifest.xml:30:13-59
59            android:required="false" />
59-->[androidx.camera:camera-extensions:1.3.0-alpha06] AndroidManifest.xml:31:13-37
60
61        <service
61-->[androidx.camera:camera-camera2:1.3.0-alpha06] AndroidManifest.xml:24:9-33:19
62            android:name="androidx.camera.core.impl.MetadataHolderService"
62-->[androidx.camera:camera-camera2:1.3.0-alpha06] AndroidManifest.xml:25:13-75
63            android:enabled="false"
63-->[androidx.camera:camera-camera2:1.3.0-alpha06] AndroidManifest.xml:26:13-36
64            android:exported="false" >
64-->[androidx.camera:camera-camera2:1.3.0-alpha06] AndroidManifest.xml:27:13-37
65            <meta-data
65-->[androidx.camera:camera-camera2:1.3.0-alpha06] AndroidManifest.xml:30:13-32:89
66                android:name="androidx.camera.core.impl.MetadataHolderService.DEFAULT_CONFIG_PROVIDER"
66-->[androidx.camera:camera-camera2:1.3.0-alpha06] AndroidManifest.xml:31:17-103
67                android:value="androidx.camera.camera2.Camera2Config$DefaultProvider" />
67-->[androidx.camera:camera-camera2:1.3.0-alpha06] AndroidManifest.xml:32:17-86
68        </service>
69
70        <meta-data
70-->[com.google.android.gms:play-services-basement:18.0.0] AndroidManifest.xml:21:9-23:69
71            android:name="com.google.android.gms.version"
71-->[com.google.android.gms:play-services-basement:18.0.0] AndroidManifest.xml:22:13-58
72            android:value="@integer/google_play_services_version" />
72-->[com.google.android.gms:play-services-basement:18.0.0] AndroidManifest.xml:23:13-66
73
74        <provider
74-->[androidx.emoji2:emoji2:1.2.0] AndroidManifest.xml:24:9-32:20
75            android:name="androidx.startup.InitializationProvider"
75-->[androidx.emoji2:emoji2:1.2.0] AndroidManifest.xml:25:13-67
76            android:authorities="com.example.cameraxvideorecorder.androidx-startup"
76-->[androidx.emoji2:emoji2:1.2.0] AndroidManifest.xml:26:13-68
77            android:exported="false" >
77-->[androidx.emoji2:emoji2:1.2.0] AndroidManifest.xml:27:13-37
78            <meta-data
78-->[androidx.emoji2:emoji2:1.2.0] AndroidManifest.xml:29:13-31:52
79                android:name="androidx.emoji2.text.EmojiCompatInitializer"
79-->[androidx.emoji2:emoji2:1.2.0] AndroidManifest.xml:30:17-75
80                android:value="androidx.startup" />
80-->[androidx.emoji2:emoji2:1.2.0] AndroidManifest.xml:31:17-49
81            <meta-data
81-->[androidx.lifecycle:lifecycle-process:2.4.1] AndroidManifest.xml:31:13-33:52
82                android:name="androidx.lifecycle.ProcessLifecycleInitializer"
82-->[androidx.lifecycle:lifecycle-process:2.4.1] AndroidManifest.xml:32:17-78
83                android:value="androidx.startup" />
83-->[androidx.lifecycle:lifecycle-process:2.4.1] AndroidManifest.xml:33:17-49
84        </provider>
85    </application>
86
87</manifest>